2025-06-14 16:08:30,708 - INFO - MarketAnalyzer initialized
2025-06-14 16:08:30,708 - INFO - 所有API初始化成功
2025-06-14 16:10:51,170 - INFO - MarketAnalyzer initialized
2025-06-14 16:10:51,173 - INFO - 所有API初始化成功
2025-06-14 16:10:59,155 - INFO - ExchangeBase initialized
2025-06-14 16:10:59,159 - INFO - 所有API初始化成功
2025-06-14 16:11:00,575 - INFO - Successfully retrieved balance for USDT: 555.6519100475334
2025-06-14 16:13:04,921 - INFO - MarketAnalyzer initialized
2025-06-14 16:13:04,929 - INFO - 所有API初始化成功
2025-06-14 16:13:12,755 - INFO - BitcoinTradingSystem logging initialized
2025-06-14 16:13:13,106 - INFO - ExchangeBase initialized
2025-06-14 16:13:13,113 - INFO - 所有API初始化成功
2025-06-14 16:13:14,565 - INFO - Successfully retrieved balance for USDT: 555.6519100475334
2025-06-14 16:13:15,978 - INFO - 从账户获取初始资金: 555.6519100475334 USDT
2025-06-14 16:13:46,073 - INFO - Starting task get_pattern_stats_from_table (ID: 2939797166336)
2025-06-14 16:14:01,620 - INFO - Task get_pattern_stats_from_table (ID: 2939797166336) completed in 16.16 seconds
2025-06-14 16:14:34,891 - INFO - 模型数据加载完成
2025-06-14 16:14:34,892 - INFO - 策略初始化完成
2025-06-14 16:14:34,892 - INFO - 系统初始化完成
2025-06-14 16:14:34,892 - INFO - 交易循环已启动
2025-06-14 16:14:34,892 - INFO - 开始执行交易循环检查...
2025-06-14 16:14:35,854 - INFO - Successfully retrieved ticker for BTC-USDT
2025-06-14 16:14:36,603 - INFO - Successfully retrieved candlesticks for BTC-USDT
2025-06-14 16:14:36,620 - INFO - ExchangeBase initialized
2025-06-14 16:14:36,958 - INFO - Successfully retrieved positions
2025-06-14 16:14:37,244 - INFO - Successfully retrieved balance for USDT: 555.6519100475334
2025-06-14 16:14:37,245 - INFO - 当前无持仓，检查是否应该开仓
2025-06-14 16:14:37,245 - INFO - 交易循环检查完成，等待10秒后继续...
2025-06-14 16:14:37,245 - INFO - 定时任务已启动
2025-06-14 16:14:37,245 - INFO - 开始执行定时任务 - 刷新模型数据...
2025-06-14 16:14:37,318 - INFO - 模型数据已刷新
2025-06-14 16:14:37,318 - INFO - Starting task get_pattern_stats_from_table (ID: 2939799550048)
2025-06-14 16:14:37,329 - INFO - Task get_pattern_stats_from_table (ID: 2939799550048) completed in 0.01 seconds
2025-06-14 16:14:39,387 - INFO - 模型数据加载完成
2025-06-14 16:14:39,392 - INFO - 模型数据刷新完成
2025-06-14 16:14:39,393 - INFO - 下次模型数据更新将在: 2025-06-15 00:14:39.392234
2025-06-14 16:14:47,250 - INFO - 开始执行交易循环检查...
2025-06-14 16:14:47,753 - INFO - Successfully retrieved ticker for BTC-USDT
2025-06-14 16:14:48,188 - INFO - Successfully retrieved candlesticks for BTC-USDT
2025-06-14 16:14:48,191 - INFO - ExchangeBase initialized
2025-06-14 16:14:48,723 - INFO - Successfully retrieved positions
2025-06-14 16:14:49,061 - INFO - Successfully retrieved balance for USDT: 555.6519100475334
2025-06-14 16:14:49,061 - INFO - 当前无持仓，检查是否应该开仓
2025-06-14 16:14:49,061 - INFO - 交易循环检查完成，等待10秒后继续...
2025-06-14 16:14:59,064 - INFO - 开始执行交易循环检查...
2025-06-14 16:14:59,515 - INFO - Successfully retrieved ticker for BTC-USDT
2025-06-14 16:14:59,801 - INFO - Successfully retrieved candlesticks for BTC-USDT
2025-06-14 16:14:59,803 - INFO - ExchangeBase initialized
2025-06-14 16:15:00,099 - INFO - Successfully retrieved positions
2025-06-14 16:15:00,374 - INFO - Successfully retrieved balance for USDT: 555.6519100475334
2025-06-14 16:15:00,374 - INFO - 当前无持仓，检查是否应该开仓
2025-06-14 16:15:00,374 - INFO - 交易循环检查完成，等待10秒后继续...
2025-06-14 16:15:10,388 - INFO - 开始执行交易循环检查...
2025-06-14 16:15:10,692 - INFO - Successfully retrieved ticker for BTC-USDT
2025-06-14 16:15:10,980 - INFO - Successfully retrieved candlesticks for BTC-USDT
2025-06-14 16:15:10,987 - INFO - ExchangeBase initialized
2025-06-14 16:15:11,511 - INFO - Successfully retrieved positions
2025-06-14 16:15:11,798 - INFO - Successfully retrieved balance for USDT: 555.6519100475334
2025-06-14 16:15:11,798 - INFO - 当前无持仓，检查是否应该开仓
2025-06-14 16:15:11,799 - INFO - 交易循环检查完成，等待10秒后继续...
2025-06-14 16:15:21,803 - INFO - 开始执行交易循环检查...
2025-06-14 16:15:22,087 - INFO - Successfully retrieved ticker for BTC-USDT
2025-06-14 16:15:22,352 - INFO - Successfully retrieved candlesticks for BTC-USDT
2025-06-14 16:15:22,352 - INFO - ExchangeBase initialized
2025-06-14 16:15:22,624 - INFO - Successfully retrieved positions
2025-06-14 16:15:23,136 - INFO - Successfully retrieved balance for USDT: 555.6519100475334
2025-06-14 16:15:23,137 - INFO - 当前无持仓，检查是否应该开仓
2025-06-14 16:15:23,138 - INFO - 交易循环检查完成，等待10秒后继续...
2025-06-14 16:15:33,139 - INFO - 开始执行交易循环检查...
2025-06-14 16:15:33,888 - INFO - Successfully retrieved ticker for BTC-USDT
2025-06-14 16:15:34,348 - INFO - Successfully retrieved candlesticks for BTC-USDT
2025-06-14 16:15:34,349 - INFO - ExchangeBase initialized
2025-06-14 16:15:34,619 - INFO - Successfully retrieved positions
2025-06-14 16:15:34,879 - INFO - Successfully retrieved balance for USDT: 555.6519100475334
2025-06-14 16:15:34,879 - INFO - 当前无持仓，检查是否应该开仓
2025-06-14 16:15:34,880 - INFO - 交易循环检查完成，等待10秒后继续...
2025-06-14 16:15:44,882 - INFO - 开始执行交易循环检查...
2025-06-14 16:15:45,223 - INFO - Successfully retrieved ticker for BTC-USDT
2025-06-14 16:15:46,246 - INFO - Successfully retrieved candlesticks for BTC-USDT
2025-06-14 16:15:46,250 - INFO - ExchangeBase initialized
2025-06-14 16:15:46,546 - INFO - Successfully retrieved positions
2025-06-14 16:15:46,854 - INFO - Successfully retrieved balance for USDT: 555.6519100475334
2025-06-14 16:15:46,854 - INFO - 当前无持仓，检查是否应该开仓
2025-06-14 16:15:46,854 - INFO - 交易循环检查完成，等待10秒后继续...
2025-06-14 16:15:56,863 - INFO - 开始执行交易循环检查...
2025-06-14 16:15:57,426 - INFO - Successfully retrieved ticker for BTC-USDT
2025-06-14 16:15:57,916 - INFO - Successfully retrieved candlesticks for BTC-USDT
2025-06-14 16:15:57,918 - INFO - ExchangeBase initialized
2025-06-14 16:15:58,198 - INFO - Successfully retrieved positions
2025-06-14 16:15:58,497 - INFO - Successfully retrieved balance for USDT: 555.6519100475334
2025-06-14 16:15:58,497 - INFO - 当前无持仓，检查是否应该开仓
2025-06-14 16:15:58,498 - INFO - 交易循环检查完成，等待10秒后继续...
2025-06-14 16:16:08,504 - INFO - 开始执行交易循环检查...
2025-06-14 16:16:08,885 - INFO - Successfully retrieved ticker for BTC-USDT
2025-06-14 16:16:09,290 - INFO - Successfully retrieved candlesticks for BTC-USDT
2025-06-14 16:16:09,293 - INFO - ExchangeBase initialized
2025-06-14 16:16:09,582 - INFO - Successfully retrieved positions
2025-06-14 16:16:09,866 - INFO - Successfully retrieved balance for USDT: 555.6519100475334
2025-06-14 16:16:09,870 - INFO - 当前无持仓，检查是否应该开仓
2025-06-14 16:16:09,870 - INFO - 交易循环检查完成，等待10秒后继续...
2025-06-14 16:16:19,871 - INFO - 开始执行交易循环检查...
2025-06-14 16:16:20,160 - INFO - Successfully retrieved ticker for BTC-USDT
2025-06-14 16:16:20,472 - INFO - Successfully retrieved candlesticks for BTC-USDT
2025-06-14 16:16:20,479 - INFO - ExchangeBase initialized
2025-06-14 16:16:21,097 - INFO - Successfully retrieved positions
2025-06-14 16:16:21,388 - INFO - Successfully retrieved balance for USDT: 555.6519100475334
2025-06-14 16:16:21,389 - INFO - 当前无持仓，检查是否应该开仓
2025-06-14 16:16:21,390 - INFO - 交易循环检查完成，等待10秒后继续...
2025-06-14 16:16:31,399 - INFO - 开始执行交易循环检查...
2025-06-14 16:16:31,671 - INFO - Successfully retrieved ticker for BTC-USDT
2025-06-14 16:16:32,018 - INFO - Successfully retrieved candlesticks for BTC-USDT
2025-06-14 16:16:32,020 - INFO - ExchangeBase initialized
2025-06-14 16:16:32,443 - INFO - Successfully retrieved positions
2025-06-14 16:16:32,710 - INFO - Successfully retrieved balance for USDT: 555.6519100475334
2025-06-14 16:16:32,713 - INFO - 当前无持仓，检查是否应该开仓
2025-06-14 16:16:32,713 - INFO - 交易循环检查完成，等待10秒后继续...
2025-06-14 16:16:42,730 - INFO - 开始执行交易循环检查...
2025-06-14 16:16:43,034 - INFO - Successfully retrieved ticker for BTC-USDT
2025-06-14 16:16:43,311 - INFO - Successfully retrieved candlesticks for BTC-USDT
2025-06-14 16:16:43,318 - INFO - ExchangeBase initialized
2025-06-14 16:16:44,604 - INFO - Successfully retrieved positions
2025-06-14 16:16:44,899 - INFO - Successfully retrieved balance for USDT: 555.6519100475334
2025-06-14 16:16:44,899 - INFO - 当前无持仓，检查是否应该开仓
2025-06-14 16:16:44,900 - INFO - 交易循环检查完成，等待10秒后继续...
2025-06-14 16:16:54,906 - INFO - 开始执行交易循环检查...
2025-06-14 16:16:56,316 - INFO - Successfully retrieved ticker for BTC-USDT
2025-06-14 16:16:56,866 - INFO - Successfully retrieved candlesticks for BTC-USDT
2025-06-14 16:16:56,872 - INFO - ExchangeBase initialized
2025-06-14 16:16:57,199 - INFO - Successfully retrieved positions
2025-06-14 16:16:57,822 - INFO - Successfully retrieved balance for USDT: 555.6519100475334
2025-06-14 16:16:57,822 - INFO - 当前无持仓，检查是否应该开仓
2025-06-14 16:16:57,822 - INFO - 交易循环检查完成，等待10秒后继续...
2025-06-14 16:17:07,823 - INFO - 开始执行交易循环检查...
2025-06-14 16:17:08,284 - INFO - Successfully retrieved ticker for BTC-USDT
2025-06-14 16:17:08,562 - INFO - Successfully retrieved candlesticks for BTC-USDT
2025-06-14 16:17:08,574 - INFO - ExchangeBase initialized
2025-06-14 16:17:08,840 - INFO - Successfully retrieved positions
2025-06-14 16:17:09,105 - INFO - Successfully retrieved balance for USDT: 555.6519100475334
2025-06-14 16:17:09,105 - INFO - 当前无持仓，检查是否应该开仓
2025-06-14 16:17:09,106 - INFO - 交易循环检查完成，等待10秒后继续...
2025-06-14 16:17:19,118 - INFO - 开始执行交易循环检查...
2025-06-14 16:17:22,714 - INFO - Successfully retrieved ticker for BTC-USDT
2025-06-14 16:17:23,566 - INFO - Successfully retrieved candlesticks for BTC-USDT
2025-06-14 16:17:23,569 - INFO - ExchangeBase initialized
2025-06-14 16:17:23,933 - INFO - Successfully retrieved positions
2025-06-14 16:17:24,223 - INFO - Successfully retrieved balance for USDT: 555.6519100475334
2025-06-14 16:17:24,223 - INFO - 当前无持仓，检查是否应该开仓
2025-06-14 16:17:24,223 - INFO - 交易循环检查完成，等待10秒后继续...
2025-06-14 16:17:34,237 - INFO - 开始执行交易循环检查...
2025-06-14 16:17:34,719 - INFO - Successfully retrieved ticker for BTC-USDT
2025-06-14 16:17:35,216 - INFO - Successfully retrieved candlesticks for BTC-USDT
2025-06-14 16:17:35,219 - INFO - ExchangeBase initialized
2025-06-14 16:17:35,906 - INFO - Successfully retrieved positions
2025-06-14 16:17:36,208 - INFO - Successfully retrieved balance for USDT: 555.6519100475334
2025-06-14 16:17:36,208 - INFO - 当前无持仓，检查是否应该开仓
2025-06-14 16:17:36,208 - INFO - 交易循环检查完成，等待10秒后继续...
2025-06-14 16:17:46,210 - INFO - 开始执行交易循环检查...
2025-06-14 16:17:46,639 - INFO - Successfully retrieved ticker for BTC-USDT
2025-06-14 16:17:46,940 - INFO - Successfully retrieved candlesticks for BTC-USDT
2025-06-14 16:17:46,950 - INFO - ExchangeBase initialized
2025-06-14 16:17:47,291 - INFO - Successfully retrieved positions
2025-06-14 16:17:47,577 - INFO - Successfully retrieved balance for USDT: 555.6519100475334
2025-06-14 16:17:47,578 - INFO - 当前无持仓，检查是否应该开仓
2025-06-14 16:17:47,578 - INFO - 交易循环检查完成，等待10秒后继续...
2025-06-14 16:17:57,578 - INFO - 开始执行交易循环检查...
2025-06-14 16:17:58,024 - INFO - Successfully retrieved ticker for BTC-USDT
2025-06-14 16:17:58,426 - INFO - Successfully retrieved candlesticks for BTC-USDT
2025-06-14 16:17:58,431 - INFO - ExchangeBase initialized
2025-06-14 16:17:58,698 - INFO - Successfully retrieved positions
2025-06-14 16:17:58,971 - INFO - Successfully retrieved balance for USDT: 555.6519100475334
2025-06-14 16:17:58,971 - INFO - 当前无持仓，检查是否应该开仓
2025-06-14 16:17:58,972 - INFO - 交易循环检查完成，等待10秒后继续...
2025-06-14 16:18:08,985 - INFO - 开始执行交易循环检查...
2025-06-14 16:18:09,253 - INFO - Successfully retrieved ticker for BTC-USDT
2025-06-14 16:18:09,672 - INFO - Successfully retrieved candlesticks for BTC-USDT
2025-06-14 16:18:09,679 - INFO - ExchangeBase initialized
2025-06-14 16:18:10,064 - INFO - Successfully retrieved positions
2025-06-14 16:18:10,496 - INFO - Successfully retrieved balance for USDT: 555.6519100475334
2025-06-14 16:18:10,496 - INFO - 当前无持仓，检查是否应该开仓
2025-06-14 16:18:10,497 - INFO - 交易循环检查完成，等待10秒后继续...
2025-06-14 16:18:20,500 - INFO - 开始执行交易循环检查...
2025-06-14 16:18:20,798 - INFO - Successfully retrieved ticker for BTC-USDT
2025-06-14 16:18:21,126 - INFO - Successfully retrieved candlesticks for BTC-USDT
2025-06-14 16:18:21,127 - INFO - ExchangeBase initialized
2025-06-14 16:18:21,519 - INFO - Successfully retrieved positions
2025-06-14 16:18:21,791 - INFO - Successfully retrieved balance for USDT: 555.6519100475334
2025-06-14 16:18:21,792 - INFO - 当前无持仓，检查是否应该开仓
2025-06-14 16:18:21,792 - INFO - 交易循环检查完成，等待10秒后继续...
2025-06-14 16:18:31,801 - INFO - 开始执行交易循环检查...
2025-06-14 16:18:32,092 - INFO - Successfully retrieved ticker for BTC-USDT
2025-06-14 16:18:32,505 - INFO - Successfully retrieved candlesticks for BTC-USDT
2025-06-14 16:18:32,507 - INFO - ExchangeBase initialized
2025-06-14 16:18:32,829 - INFO - Successfully retrieved positions
2025-06-14 16:18:33,221 - INFO - Successfully retrieved balance for USDT: 555.6519100475334
2025-06-14 16:18:33,222 - INFO - 当前无持仓，检查是否应该开仓
2025-06-14 16:18:33,222 - INFO - 交易循环检查完成，等待10秒后继续...
2025-06-14 16:18:43,230 - INFO - 开始执行交易循环检查...
2025-06-14 16:18:43,882 - INFO - Successfully retrieved ticker for BTC-USDT
2025-06-14 16:18:44,152 - INFO - Successfully retrieved candlesticks for BTC-USDT
2025-06-14 16:18:44,160 - INFO - ExchangeBase initialized
2025-06-14 16:18:44,474 - INFO - Successfully retrieved positions
2025-06-14 16:18:44,757 - INFO - Successfully retrieved balance for USDT: 555.6519100475334
2025-06-14 16:18:44,757 - INFO - 当前无持仓，检查是否应该开仓
2025-06-14 16:18:44,757 - INFO - 交易循环检查完成，等待10秒后继续...
2025-06-14 16:18:54,769 - INFO - 开始执行交易循环检查...
2025-06-14 16:18:55,044 - INFO - Successfully retrieved ticker for BTC-USDT
2025-06-14 16:18:55,323 - INFO - Successfully retrieved candlesticks for BTC-USDT
2025-06-14 16:18:55,328 - INFO - ExchangeBase initialized
2025-06-14 16:18:55,847 - INFO - Successfully retrieved positions
2025-06-14 16:18:56,139 - INFO - Successfully retrieved balance for USDT: 555.6519100475334
2025-06-14 16:18:56,139 - INFO - 当前无持仓，检查是否应该开仓
2025-06-14 16:18:56,139 - INFO - 交易循环检查完成，等待10秒后继续...
2025-06-14 16:19:06,145 - INFO - 开始执行交易循环检查...
2025-06-14 16:19:06,532 - INFO - Successfully retrieved ticker for BTC-USDT
2025-06-14 16:19:06,827 - INFO - Successfully retrieved candlesticks for BTC-USDT
2025-06-14 16:19:06,835 - INFO - ExchangeBase initialized
2025-06-14 16:19:08,261 - INFO - Successfully retrieved positions
2025-06-14 16:19:08,823 - INFO - Successfully retrieved balance for USDT: 555.6519100475334
2025-06-14 16:19:08,823 - INFO - 当前无持仓，检查是否应该开仓
2025-06-14 16:19:08,823 - INFO - 交易循环检查完成，等待10秒后继续...
2025-06-14 16:19:18,828 - INFO - 开始执行交易循环检查...
2025-06-14 16:19:19,364 - INFO - Successfully retrieved ticker for BTC-USDT
2025-06-14 16:19:19,650 - INFO - Successfully retrieved candlesticks for BTC-USDT
2025-06-14 16:19:19,652 - INFO - ExchangeBase initialized
2025-06-14 16:19:19,943 - INFO - Successfully retrieved positions
2025-06-14 16:19:20,236 - INFO - Successfully retrieved balance for USDT: 555.6519100475334
2025-06-14 16:19:20,238 - INFO - 当前无持仓，检查是否应该开仓
2025-06-14 16:19:20,238 - INFO - 交易循环检查完成，等待10秒后继续...
2025-06-14 16:19:30,246 - INFO - 开始执行交易循环检查...
2025-06-14 16:19:30,792 - INFO - Successfully retrieved ticker for BTC-USDT
2025-06-14 16:19:31,421 - INFO - Successfully retrieved candlesticks for BTC-USDT
2025-06-14 16:19:31,452 - INFO - ExchangeBase initialized
2025-06-14 16:19:31,720 - INFO - Successfully retrieved positions
2025-06-14 16:19:31,998 - INFO - Successfully retrieved balance for USDT: 555.6519100475334
2025-06-14 16:19:31,998 - INFO - 当前无持仓，检查是否应该开仓
2025-06-14 16:19:31,999 - INFO - 交易循环检查完成，等待10秒后继续...
2025-06-14 16:21:27,062 - INFO - MarketAnalyzer initialized
2025-06-14 16:21:27,066 - INFO - 所有API初始化成功
2025-06-14 16:21:30,518 - INFO - BitcoinTradingSystem logging initialized
2025-06-14 16:21:30,518 - INFO - ExchangeBase initialized
2025-06-14 16:21:30,523 - INFO - 所有API初始化成功
2025-06-14 16:21:30,965 - INFO - Successfully retrieved balance for USDT: 555.6519100475334
2025-06-14 16:21:30,965 - INFO - 从账户获取初始资金: 555.6519100475334 USDT
2025-06-14 16:21:41,493 - INFO - Starting task get_pattern_stats_from_table (ID: 2950631057664)
2025-06-14 16:21:41,706 - INFO - Task get_pattern_stats_from_table (ID: 2950631057664) completed in 0.21 seconds
2025-06-14 16:21:48,309 - INFO - 模型数据加载完成
2025-06-14 16:21:48,309 - INFO - 策略初始化完成
2025-06-14 16:21:48,309 - INFO - 系统初始化完成
2025-06-14 16:21:48,309 - INFO - 交易循环已启动
2025-06-14 16:21:48,311 - INFO - 开始执行交易循环检查...
2025-06-14 16:21:48,816 - INFO - Successfully retrieved ticker for BTC-USDT
2025-06-14 16:21:49,107 - INFO - Successfully retrieved candlesticks for BTC-USDT
2025-06-14 16:21:49,118 - INFO - ExchangeBase initialized
2025-06-14 16:21:49,404 - INFO - Successfully retrieved positions
2025-06-14 16:21:49,689 - INFO - Successfully retrieved balance for USDT: 555.6519100475334
2025-06-14 16:21:49,690 - INFO - 当前无持仓，检查是否应该开仓
2025-06-14 16:21:49,691 - INFO - 交易循环检查完成，等待10秒后继续...
2025-06-14 16:21:49,691 - INFO - 定时任务已启动
2025-06-14 16:21:49,691 - INFO - 开始执行定时任务 - 刷新模型数据...
2025-06-14 16:21:49,750 - INFO - 模型数据已刷新
2025-06-14 16:21:49,750 - INFO - Starting task get_pattern_stats_from_table (ID: 2950633726816)
2025-06-14 16:21:49,755 - INFO - Task get_pattern_stats_from_table (ID: 2950633726816) completed in 0.01 seconds
2025-06-14 16:22:01,068 - INFO - 模型数据加载完成
2025-06-14 16:22:01,068 - INFO - 开始执行交易循环检查...
2025-06-14 16:22:01,562 - INFO - Successfully retrieved ticker for BTC-USDT
2025-06-14 16:22:01,847 - INFO - Successfully retrieved candlesticks for BTC-USDT
2025-06-14 16:22:01,851 - INFO - ExchangeBase initialized
2025-06-14 16:22:02,187 - INFO - Successfully retrieved positions
2025-06-14 16:22:02,505 - INFO - Successfully retrieved balance for USDT: 555.6519100475334
2025-06-14 16:22:02,505 - INFO - 当前无持仓，检查是否应该开仓
2025-06-14 16:22:02,505 - INFO - 交易循环检查完成，等待10秒后继续...
2025-06-14 16:22:02,505 - INFO - 模型数据刷新完成
2025-06-14 16:22:02,505 - INFO - 下次模型数据更新将在: 2025-06-15 00:22:02.505711
2025-06-14 16:23:11,489 - INFO - MarketAnalyzer initialized
2025-06-14 16:23:11,497 - INFO - 所有API初始化成功
2025-06-14 16:23:12,640 - INFO - BitcoinTradingSystem logging initialized
2025-06-14 16:23:12,640 - INFO - ExchangeBase initialized
2025-06-14 16:23:12,649 - INFO - 所有API初始化成功
2025-06-14 16:23:13,026 - INFO - Successfully retrieved balance for USDT: 555.6519100475334
2025-06-14 16:23:13,030 - INFO - 从账户获取初始资金: 555.6519100475334 USDT
2025-06-14 16:23:14,376 - INFO - Starting task get_pattern_stats_from_table (ID: 2339448019200)
2025-06-14 16:23:14,589 - INFO - Task get_pattern_stats_from_table (ID: 2339448019200) completed in 0.21 seconds
2025-06-14 16:23:15,717 - INFO - 模型数据加载完成
2025-06-14 16:23:15,725 - INFO - 策略初始化完成
2025-06-14 16:23:15,725 - INFO - 系统初始化完成
2025-06-14 16:23:15,725 - INFO - 交易循环已启动
2025-06-14 16:23:15,725 - INFO - 开始执行交易循环检查...
2025-06-14 16:23:16,013 - INFO - Successfully retrieved ticker for BTC-USDT
2025-06-14 16:23:16,520 - INFO - Successfully retrieved candlesticks for BTC-USDT
2025-06-14 16:23:16,534 - INFO - ExchangeBase initialized
2025-06-14 16:23:16,992 - INFO - Successfully retrieved positions
2025-06-14 16:23:17,269 - INFO - Successfully retrieved balance for USDT: 555.6519100475334
2025-06-14 16:23:17,274 - INFO - 当前无持仓，检查是否应该开仓
2025-06-14 16:31:33,343 - INFO - MarketAnalyzer initialized
2025-06-14 16:31:33,346 - INFO - 所有API初始化成功
2025-06-14 16:31:35,146 - INFO - BitcoinTradingSystem logging initialized
2025-06-14 16:31:35,146 - INFO - ExchangeBase initialized
2025-06-14 16:31:35,146 - INFO - 所有API初始化成功
2025-06-14 16:31:35,493 - INFO - Successfully retrieved balance for USDT: 555.6519100475334
2025-06-14 16:31:35,495 - INFO - 从账户获取初始资金: 555.6519100475334 USDT
2025-06-14 16:31:51,961 - INFO - Starting task get_pattern_stats_from_table (ID: 1544435181824)
2025-06-14 16:31:52,168 - INFO - Task get_pattern_stats_from_table (ID: 1544435181824) completed in 0.21 seconds
2025-06-14 16:31:53,249 - INFO - 模型数据加载完成
2025-06-14 16:31:53,249 - INFO - 策略初始化完成
2025-06-14 16:31:53,249 - INFO - 系统初始化完成
2025-06-14 16:31:53,256 - INFO - 交易循环已启动
2025-06-14 16:31:53,256 - INFO - 开始执行交易循环检查...
2025-06-14 16:31:53,863 - INFO - Successfully retrieved ticker for BTC-USDT
2025-06-14 16:31:54,151 - INFO - Successfully retrieved candlesticks for BTC-USDT
2025-06-14 16:31:54,163 - INFO - ExchangeBase initialized
2025-06-14 16:31:54,454 - INFO - Successfully retrieved positions
2025-06-14 16:31:54,739 - INFO - Successfully retrieved balance for USDT: 555.6519100475334
2025-06-14 16:31:54,766 - INFO - 当前无持仓，检查是否应该开仓
2025-06-14 16:32:11,824 - INFO - Current day: 周六, Previous day: 周五, Pattern: continuous_fall
2025-06-14 16:32:12,172 - INFO - Available days in pattern_stats: ['周四', '周日', '周一', '周三', '周二', '周五', '周六']
2025-06-14 16:32:13,601 - INFO - Pattern continuous_fall not found for previous day 周五
2025-06-14 16:32:37,800 - INFO - 交易循环检查完成，等待10秒后继续...
2025-06-14 16:32:39,061 - INFO - 定时任务已启动
2025-06-14 16:32:39,061 - INFO - 开始执行定时任务 - 刷新模型数据...
2025-06-14 16:32:39,127 - INFO - 模型数据已刷新
2025-06-14 16:32:39,127 - INFO - Starting task get_pattern_stats_from_table (ID: 1544437904224)
2025-06-14 16:32:39,135 - INFO - Task get_pattern_stats_from_table (ID: 1544437904224) completed in 0.01 seconds
2025-06-14 16:32:43,275 - INFO - 模型数据加载完成
2025-06-14 16:32:43,280 - INFO - 模型数据刷新完成
2025-06-14 16:32:43,280 - INFO - 下次模型数据更新将在: 2025-06-15 00:32:43.280433
2025-06-14 16:32:49,072 - INFO - 开始执行交易循环检查...
2025-06-14 16:32:49,455 - INFO - Successfully retrieved ticker for BTC-USDT
2025-06-14 16:32:49,845 - INFO - Successfully retrieved candlesticks for BTC-USDT
2025-06-14 16:32:49,853 - INFO - ExchangeBase initialized
2025-06-14 16:32:50,266 - INFO - Successfully retrieved positions
2025-06-14 16:32:50,561 - INFO - Successfully retrieved balance for USDT: 555.6519100475334
2025-06-14 16:32:50,561 - INFO - 当前无持仓，检查是否应该开仓
2025-06-14 16:34:30,820 - INFO - MarketAnalyzer initialized
2025-06-14 16:34:30,824 - INFO - 所有API初始化成功
2025-06-14 16:34:31,834 - INFO - BitcoinTradingSystem logging initialized
2025-06-14 16:34:31,834 - INFO - ExchangeBase initialized
2025-06-14 16:34:31,838 - INFO - 所有API初始化成功
2025-06-14 16:34:32,454 - INFO - Successfully retrieved balance for USDT: 555.6519100475334
2025-06-14 16:34:32,458 - INFO - 从账户获取初始资金: 555.6519100475334 USDT
2025-06-14 16:34:39,519 - INFO - Starting task get_pattern_stats_from_table (ID: 1700158363904)
2025-06-14 16:34:39,906 - INFO - Task get_pattern_stats_from_table (ID: 1700158363904) completed in 0.39 seconds
2025-06-14 16:34:42,412 - INFO - 模型数据加载完成
2025-06-14 16:34:42,412 - INFO - 策略初始化完成
2025-06-14 16:34:42,412 - INFO - 系统初始化完成
2025-06-14 16:34:42,412 - INFO - 交易循环已启动
2025-06-14 16:34:42,412 - INFO - 开始执行交易循环检查...
2025-06-14 16:34:42,701 - INFO - Successfully retrieved ticker for BTC-USDT
2025-06-14 16:34:42,978 - INFO - Successfully retrieved candlesticks for BTC-USDT
2025-06-14 16:34:42,987 - INFO - ExchangeBase initialized
2025-06-14 16:34:43,532 - INFO - Successfully retrieved positions
2025-06-14 16:34:44,003 - INFO - Successfully retrieved balance for USDT: 555.6519100475334
2025-06-14 16:34:44,004 - INFO - 当前无持仓，检查是否应该开仓
2025-06-14 16:37:01,619 - INFO - Current day: 周六, Previous day: 周五, Pattern: continuous_fall
2025-06-14 16:37:02,286 - INFO - Available days in pattern_stats: ['周四', '周日', '周一', '周三', '周二', '周五', '周六']
2025-06-14 16:40:56,586 - INFO - Pattern continuous_fall not found for previous day 周五
2025-06-14 16:41:07,885 - INFO - 交易循环检查完成，等待10秒后继续...
2025-06-14 16:41:09,082 - INFO - 定时任务已启动
2025-06-14 16:41:09,084 - INFO - 开始执行定时任务 - 刷新模型数据...
2025-06-14 16:41:09,108 - INFO - 模型数据已刷新
2025-06-14 16:41:09,108 - INFO - Starting task get_pattern_stats_from_table (ID: 1700161168544)
2025-06-14 16:41:09,112 - INFO - Task get_pattern_stats_from_table (ID: 1700161168544) completed in 0.00 seconds
2025-06-14 16:41:10,104 - INFO - 模型数据加载完成
2025-06-14 16:41:10,107 - INFO - 模型数据刷新完成
2025-06-14 16:41:10,107 - INFO - 下次模型数据更新将在: 2025-06-15 00:41:10.107858
